<?xml version="1.0" encoding="UTF-8"?>
<!-- Generated by org.testng.reporters.JUnitXMLReporter -->
<testsuite hostname="YCSPC009" name="TJWebUI" tests="1" failures="1" timestamp="17 Sep 2020 10:02:51 GMT" time="0.035" errors="0">
  <testcase name="tjTest" time="0.007" classname="com.tj.testCases.DataCheck">
    <failure type="java.lang.NoClassDefFoundError" message="com/alibaba/druid/pool/DruidDataSource">
      <![CDATA[java.lang.NoClassDefFoundError: com/alibaba/druid/pool/DruidDataSource
	at Sql.GenericDaoHelper.<init>(GenericDaoHelper.java:20)
	at Sql.DBProxy.<init>(DBProxy.java:48)
	at tjTestNg.tjTestNg.DataCheckPage.<clinit>(DataCheckPage.java:31)
	at com.tj.testCases.DataCheck.tjTest(DataCheck.java:12)
Caused by: java.lang.ClassNotFoundException: com.alibaba.druid.pool.DruidDataSource
	at java.net.URLClassLoader.findClass(URLClassLoader.java:381)
	at java.lang.ClassLoader.loadClass(ClassLoader.java:424)
	at sun.misc.Launcher$AppClassLoader.loadClass(Launcher.java:331)
	at java.lang.ClassLoader.loadClass(ClassLoader.java:357)
	... 32 more
... Removed 28 stack frames]]>
    </failure>
  </testcase> <!-- tjTest -->
</testsuite> <!-- TJWebUI -->
